6d9h.pdb **************************************************
Model saved to /home/wangwensong/PycharmProjects/Low-res_cryo-EM_comparable_high_res_X-ray/5kdo.pdb
-------------------------------------------------------------------------------
phenix.pdbtools tools for PDB model manipulations.
**************************************************
Could not import the compiled Python-sander interface. Make sure you have the Python development libraries installed and that you have sourced amber.sh or amber.csh-------------------------------------------------------------------------------
Complete set of parameters
**************************
model_file_name = "/home/wangwensong/PycharmProjects/Low-res_cryo-EM_comparable_high_res_X-ray/5kdo.pdb"
output {
  file_name = None
  format = *pdb *mmcif
}
modify {
  remove = None
  keep = None
  put_into_box_with_buffer = None
  selection = None
  adp {
    atom_selection = None
    randomize = False
    set_b_iso = None
    convert_to_isotropic = False
    convert_to_anisotropic = False
    shift_b_iso = None
    scale_adp = None
  }
  sites {
    atom_selection = None
    shake = None
    switch_rotamers = max_distant min_distant exact_match fix_outliers
    translate = 0 0 0
    rotate = 0 0 0
    euler_angle_convention = *xyz zyz
  }
  occupancies {
    atom_selection = None
    randomize = False
    set = None
  }
  rotate_about_axis {
    axis = None
    angle = None
    atom_selection = None
  }
  change_of_basis = None
  renumber_residues = False
  increment_resseq = None
  truncate_to_polyala = False
  truncate_to_polygly = False
  remove_alt_confs = True
  always_keep_one_conformer = False
  set_chemical_element_simple_if_necessary = None
  set_seg_id_to_chain_id = False
  clear_seg_id = False
  convert_semet_to_met = False
  convert_met_to_semet = False
  rename_chain_id {
    old_id = None
    new_id = None
  }
  set_charge {
    charge_selection = None
    charge = None
  }
  neutralize_scatterers = False
  remove_fraction = None
  random_seed = None
  move_waters_last = False
}
job_title = None

-------------------------------------------------------------------------------
Performing manipulations
************************
Remove altlocs
-------------------------------------------------------------------------------
Writing output model
********************
Output model file name:  5kdo.pdb_modified.pdb
Output model file name:  5kdo.pdb_modified.cif
-------------------------------------------------------------------------------
All done.
*********
183881
Model saved to /home/wangwensong/PycharmProjects/Low-res_cryo-EM_comparable_high_res_X-ray/6crk.pdb
-------------------------------------------------------------------------------
phenix.pdbtools tools for PDB model manipulations.
**************************************************
Could not import the compiled Python-sander interface. Make sure you have the Python development libraries installed and that you have sourced amber.sh or amber.csh-------------------------------------------------------------------------------
Complete set of parameters
**************************
model_file_name = "/home/wangwensong/PycharmProjects/Low-res_cryo-EM_comparable_high_res_X-ray/6crk.pdb"
output {
  file_name = None
  format = *pdb *mmcif
}
modify {
  remove = None
  keep = None
  put_into_box_with_buffer = None
  selection = None
  adp {
    atom_selection = None
    randomize = False
    set_b_iso = None
    convert_to_isotropic = False
    convert_to_anisotropic = False
    shift_b_iso = None
    scale_adp = None
  }
  sites {
    atom_selection = None
    shake = None
    switch_rotamers = max_distant min_distant exact_match fix_outliers
    translate = 0 0 0
    rotate = 0 0 0
    euler_angle_convention = *xyz zyz
  }
  occupancies {
    atom_selection = None
    randomize = False
    set = None
  }
  rotate_about_axis {
    axis = None
    angle = None
    atom_selection = None
  }
  change_of_basis = None
  renumber_residues = False
  increment_resseq = None
  truncate_to_polyala = False
  truncate_to_polygly = False
  remove_alt_confs = True
  always_keep_one_conformer = False
  set_chemical_element_simple_if_necessary = None
  set_seg_id_to_chain_id = False
  clear_seg_id = False
  convert_semet_to_met = False
  convert_met_to_semet = False
  rename_chain_id {
    old_id = None
    new_id = None
  }
  set_charge {
    charge_selection = None
    charge = None
  }
  neutralize_scatterers = False
  remove_fraction = None
  random_seed = None
  move_waters_last = False
}
job_title = None

-------------------------------------------------------------------------------
Performing manipulations
************************
Remove altlocs
-------------------------------------------------------------------------------
Writing output model
********************
Output model file name:  6crk.pdb_modified.pdb
Output model file name:  6crk.pdb_modified.cif
-------------------------------------------------------------------------------
All done.
*********
212862
Model saved to /home/wangwensong/PycharmProjects/Low-res_cryo-EM_comparable_high_res_X-ray/6d9h.pdb
6d9h.pdb_modified.pdb
5k7l.pdb **************************************************
Model saved to /home/wangwensong/PycharmProjects/Low-res_cryo-EM_comparable_high_res_X-ray/5k7l.pdb
Model saved to /home/wangwensong/PycharmProjects/Low-res_cryo-EM_comparable_high_res_X-ray/2o5g.pdb
-------------------------------------------------------------------------------
phenix.pdbtools tools for PDB model manipulations.
**************************************************
Could not import the compiled Python-sander interface. Make sure you have the Python development libraries installed and that you have sourced amber.sh or amber.csh-------------------------------------------------------------------------------
Complete set of parameters
**************************
model_file_name = "/home/wangwensong/PycharmProjects/Low-res_cryo-EM_comparable_high_res_X-ray/2o5g.pdb"
output {
  file_name = None
  format = *pdb *mmcif
}
modify {
  remove = None
  keep = None
  put_into_box_with_buffer = None
  selection = None
  adp {
    atom_selection = None
    randomize = False
    set_b_iso = None
    convert_to_isotropic = False
    convert_to_anisotropic = False
    shift_b_iso = None
    scale_adp = None
  }
  sites {
    atom_selection = None
    shake = None
    switch_rotamers = max_distant min_distant exact_match fix_outliers
    translate = 0 0 0
    rotate = 0 0 0
    euler_angle_convention = *xyz zyz
  }
  occupancies {
    atom_selection = None
    randomize = False
    set = None
  }
  rotate_about_axis {
    axis = None
    angle = None
    atom_selection = None
  }
  change_of_basis = None
  renumber_residues = False
  increment_resseq = None
  truncate_to_polyala = False
  truncate_to_polygly = False
  remove_alt_confs = True
  always_keep_one_conformer = False
  set_chemical_element_simple_if_necessary = None
  set_seg_id_to_chain_id = False
  clear_seg_id = False
  convert_semet_to_met = False
  convert_met_to_semet = False
  rename_chain_id {
    old_id = None
    new_id = None
  }
  set_charge {
    charge_selection = None
    charge = None
  }
  neutralize_scatterers = False
  remove_fraction = None
  random_seed = None
  move_waters_last = False
}
job_title = None

-------------------------------------------------------------------------------
Performing manipulations
************************
Remove altlocs
-------------------------------------------------------------------------------
Writing output model
********************
Output model file name:  2o5g.pdb_modified.pdb
Output model file name:  2o5g.pdb_modified.cif
-------------------------------------------------------------------------------
All done.
*********
85058
2o5g.pdb_modified.pdb
5vms.pdb **************************************************
Model saved to /home/wangwensong/PycharmProjects/Low-res_cryo-EM_comparable_high_res_X-ray/2o5g.pdb
-------------------------------------------------------------------------------
phenix.pdbtools tools for PDB model manipulations.
**************************************************
Could not import the compiled Python-sander interface. Make sure you have the Python development libraries installed and that you have sourced amber.sh or amber.csh-------------------------------------------------------------------------------
Complete set of parameters
**************************
model_file_name = "/home/wangwensong/PycharmProjects/Low-res_cryo-EM_comparable_high_res_X-ray/2o5g.pdb"
output {
  file_name = None
  format = *pdb *mmcif
}
modify {
  remove = None
  keep = None
  put_into_box_with_buffer = None
  selection = None
  adp {
    atom_selection = None
    randomize = False
    set_b_iso = None
    convert_to_isotropic = False
    convert_to_anisotropic = False
    shift_b_iso = None
    scale_adp = None
  }
  sites {
    atom_selection = None
    shake = None
    switch_rotamers = max_distant min_distant exact_match fix_outliers
    translate = 0 0 0
    rotate = 0 0 0
    euler_angle_convention = *xyz zyz
  }
  occupancies {
    atom_selection = None
    randomize = False
    set = None
  }
  rotate_about_axis {
    axis = None
    angle = None
    atom_selection = None
  }
  change_of_basis = None
  renumber_residues = False
  increment_resseq = None
  truncate_to_polyala = False
  truncate_to_polygly = False
  remove_alt_confs = True
  always_keep_one_conformer = False
  set_chemical_element_simple_if_necessary = None
  set_seg_id_to_chain_id = False
  clear_seg_id = False
  convert_semet_to_met = False
  convert_met_to_semet = False
  rename_chain_id {
    old_id = None
    new_id = None
  }
  set_charge {
    charge_selection = None
    charge = None
  }
  neutralize_scatterers = False
  remove_fraction = None
  random_seed = None
  move_waters_last = False
}
job_title = None

-------------------------------------------------------------------------------
Performing manipulations
************************
Remove altlocs
-------------------------------------------------------------------------------
Writing output model
********************
Output model file name:  2o5g.pdb_modified.pdb
Output model file name:  2o5g.pdb_modified.cif
-------------------------------------------------------------------------------
All done.
*********
84484
2o5g.pdb_modified.pdb
5vm7.pdb **************************************************
Model saved to /home/wangwensong/PycharmProjects/Low-res_cryo-EM_comparable_high_res_X-ray/5mnt.pdb
-------------------------------------------------------------------------------
phenix.pdbtools tools for PDB model manipulations.
**************************************************
Could not import the compiled Python-sander interface. Make sure you have the Python development libraries installed and that you have sourced amber.sh or amber.csh-------------------------------------------------------------------------------
Complete set of parameters
**************************
model_file_name = "/home/wangwensong/PycharmProjects/Low-res_cryo-EM_comparable_high_res_X-ray/5mnt.pdb"
output {
  file_name = None
  format = *pdb *mmcif
}
modify {
  remove = None
  keep = None
  put_into_box_with_buffer = None
  selection = None
  adp {
    atom_selection = None
    randomize = False
    set_b_iso = None
    convert_to_isotropic = False
    convert_to_anisotropic = False
    shift_b_iso = None
    scale_adp = None
  }
  sites {
    atom_selection = None
    shake = None
    switch_rotamers = max_distant min_distant exact_match fix_outliers
    translate = 0 0 0
    rotate = 0 0 0
    euler_angle_convention = *xyz zyz
  }
  occupancies {
    atom_selection = None
    randomize = False
    set = None
  }
  rotate_about_axis {
    axis = None
    angle = None
    atom_selection = None
  }
  change_of_basis = None
  renumber_residues = False
  increment_resseq = None
  truncate_to_polyala = False
  truncate_to_polygly = False
  remove_alt_confs = True
  always_keep_one_conformer = False
  set_chemical_element_simple_if_necessary = None
  set_seg_id_to_chain_id = False
  clear_seg_id = False
  convert_semet_to_met = False
  convert_met_to_semet = False
  rename_chain_id {
    old_id = None
    new_id = None
  }
  set_charge {
    charge_selection = None
    charge = None
  }
  neutralize_scatterers = False
  remove_fraction = None
  random_seed = None
  move_waters_last = False
}
job_title = None

-------------------------------------------------------------------------------
Performing manipulations
************************
Remove altlocs
-------------------------------------------------------------------------------
Writing output model
********************
Output model file name:  5mnt.pdb_modified.pdb
Output model file name:  5mnt.pdb_modified.cif
-------------------------------------------------------------------------------
All done.
*********
190090
Model saved to /home/wangwensong/PycharmProjects/Low-res_cryo-EM_comparable_high_res_X-ray/3kqj.pdb
-------------------------------------------------------------------------------
phenix.pdbtools tools for PDB model manipulations.
**************************************************
Could not import the compiled Python-sander interface. Make sure you have the Python development libraries installed and that you have sourced amber.sh or amber.csh-------------------------------------------------------------------------------
Complete set of parameters
**************************
model_file_name = "/home/wangwensong/PycharmProjects/Low-res_cryo-EM_comparable_high_res_X-ray/3kqj.pdb"
output {
  file_name = None
  format = *pdb *mmcif
}
modify {
  remove = None
  keep = None
  put_into_box_with_buffer = None
  selection = None
  adp {
    atom_selection = None
    randomize = False
    set_b_iso = None
    convert_to_isotropic = False
    convert_to_anisotropic = False
    shift_b_iso = None
    scale_adp = None
  }
  sites {
    atom_selection = None
    shake = None
    switch_rotamers = max_distant min_distant exact_match fix_outliers
    translate = 0 0 0
    rotate = 0 0 0
    euler_angle_convention = *xyz zyz
  }
  occupancies {
    atom_selection = None
    randomize = False
    set = None
  }
  rotate_about_axis {
    axis = None
    angle = None
    atom_selection = None
  }
  change_of_basis = None
  renumber_residues = False
  increment_resseq = None
  truncate_to_polyala = False
  truncate_to_polygly = False
  remove_alt_confs = True
  always_keep_one_conformer = False
  set_chemical_element_simple_if_necessary = None
  set_seg_id_to_chain_id = False
  clear_seg_id = False
  convert_semet_to_met = False
  convert_met_to_semet = False
  rename_chain_id {
    old_id = None
    new_id = None
  }
  set_charge {
    charge_selection = None
    charge = None
  }
  neutralize_scatterers = False
  remove_fraction = None
  random_seed = None
  move_waters_last = False
}
job_title = None

-------------------------------------------------------------------------------
Performing manipulations
************************
Remove altlocs
-------------------------------------------------------------------------------
Writing output model
********************
Output model file name:  3kqj.pdb_modified.pdb
Output model file name:  3kqj.pdb_modified.cif
-------------------------------------------------------------------------------
All done.
*********
408184
3kqj.pdb_modified.pdb
6gdg.pdb **************************************************
Model saved to /home/wangwensong/PycharmProjects/Low-res_cryo-EM_comparable_high_res_X-ray/5kdo.pdb
-------------------------------------------------------------------------------
phenix.pdbtools tools for PDB model manipulations.
**************************************************
Could not import the compiled Python-sander interface. Make sure you have the Python development libraries installed and that you have sourced amber.sh or amber.csh-------------------------------------------------------------------------------
Complete set of parameters
**************************
model_file_name = "/home/wangwensong/PycharmProjects/Low-res_cryo-EM_comparable_high_res_X-ray/5kdo.pdb"
output {
  file_name = None
  format = *pdb *mmcif
}
modify {
  remove = None
  keep = None
  put_into_box_with_buffer = None
  selection = None
  adp {
    atom_selection = None
    randomize = False
    set_b_iso = None
    convert_to_isotropic = False
    convert_to_anisotropic = False
    shift_b_iso = None
    scale_adp = None
  }
  sites {
    atom_selection = None
    shake = None
    switch_rotamers = max_distant min_distant exact_match fix_outliers
    translate = 0 0 0
    rotate = 0 0 0
    euler_angle_convention = *xyz zyz
  }
  occupancies {
    atom_selection = None
    randomize = False
    set = None
  }
  rotate_about_axis {
    axis = None
    angle = None
    atom_selection = None
  }
  change_of_basis = None
  renumber_residues = False
  increment_resseq = None
  truncate_to_polyala = False
  truncate_to_polygly = False
  remove_alt_confs = True
  always_keep_one_conformer = False
  set_chemical_element_simple_if_necessary = None
  set_seg_id_to_chain_id = False
  clear_seg_id = False
  convert_semet_to_met = False
  convert_met_to_semet = False
  rename_chain_id {
    old_id = None
    new_id = None
  }
  set_charge {
    charge_selection = None
    charge = None
  }
  neutralize_scatterers = False
  remove_fraction = None
  random_seed = None
  move_waters_last = False
}
job_title = None

-------------------------------------------------------------------------------
Performing manipulations
************************
Remove altlocs
-------------------------------------------------------------------------------
Writing output model
********************
Output model file name:  5kdo.pdb_modified.pdb
Output model file name:  5kdo.pdb_modified.cif
-------------------------------------------------------------------------------
All done.
*********
181713
Model saved to /home/wangwensong/PycharmProjects/Low-res_cryo-EM_comparable_high_res_X-ray/6crk.pdb
-------------------------------------------------------------------------------
phenix.pdbtools tools for PDB model manipulations.
**************************************************
Could not import the compiled Python-sander interface. Make sure you have the Python development libraries installed and that you have sourced amber.sh or amber.csh-------------------------------------------------------------------------------
Complete set of parameters
**************************
model_file_name = "/home/wangwensong/PycharmProjects/Low-res_cryo-EM_comparable_high_res_X-ray/6crk.pdb"
output {
  file_name = None
  format = *pdb *mmcif
}
modify {
  remove = None
  keep = None
  put_into_box_with_buffer = None
  selection = None
  adp {
    atom_selection = None
    randomize = False
    set_b_iso = None
    convert_to_isotropic = False
    convert_to_anisotropic = False
    shift_b_iso = None
    scale_adp = None
  }
  sites {
    atom_selection = None
    shake = None
    switch_rotamers = max_distant min_distant exact_match fix_outliers
    translate = 0 0 0
    rotate = 0 0 0
    euler_angle_convention = *xyz zyz
  }
  occupancies {
    atom_selection = None
    randomize = False
    set = None
  }
  rotate_about_axis {
    axis = None
    angle = None
    atom_selection = None
  }
  change_of_basis = None
  renumber_residues = False
  increment_resseq = None
  truncate_to_polyala = False
  truncate_to_polygly = False
  remove_alt_confs = True
  always_keep_one_conformer = False
  set_chemical_element_simple_if_necessary = None
  set_seg_id_to_chain_id = False
  clear_seg_id = False
  convert_semet_to_met = False
  convert_met_to_semet = False
  rename_chain_id {
    old_id = None
    new_id = None
  }
  set_charge {
    charge_selection = None
    charge = None
  }
  neutralize_scatterers = False
  remove_fraction = None
  random_seed = None
  move_waters_last = False
}
job_title = None

-------------------------------------------------------------------------------
Performing manipulations
************************
Remove altlocs
-------------------------------------------------------------------------------
Writing output model
********************
Output model file name:  6crk.pdb_modified.pdb
Output model file name:  6crk.pdb_modified.cif
-------------------------------------------------------------------------------
All done.
*********
205234
Model saved to /home/wangwensong/PycharmProjects/Low-res_cryo-EM_comparable_high_res_X-ray/3sn6.pdb
-------------------------------------------------------------------------------
phenix.pdbtools tools for PDB model manipulations.
**************************************************
Could not import the compiled Python-sander interface. Make sure you have the Python development libraries installed and that you have sourced amber.sh or amber.csh-------------------------------------------------------------------------------
Complete set of parameters
**************************
model_file_name = "/home/wangwensong/PycharmProjects/Low-res_cryo-EM_comparable_high_res_X-ray/3sn6.pdb"
output {
  file_name = None
  format = *pdb *mmcif
}
modify {
  remove = None
  keep = None
  put_into_box_with_buffer = None
  selection = None
  adp {
    atom_selection = None
    randomize = False
    set_b_iso = None
    convert_to_isotropic = False
    convert_to_anisotropic = False
    shift_b_iso = None
    scale_adp = None
  }
  sites {
    atom_selection = None
    shake = None
    switch_rotamers = max_distant min_distant exact_match fix_outliers
    translate = 0 0 0
    rotate = 0 0 0
    euler_angle_convention = *xyz zyz
  }
  occupancies {
    atom_selection = None
    randomize = False
    set = None
  }
  rotate_about_axis {
    axis = None
    angle = None
    atom_selection = None
  }
  change_of_basis = None
  renumber_residues = False
  increment_resseq = None
  truncate_to_polyala = False
  truncate_to_polygly = False
  remove_alt_confs = True
  always_keep_one_conformer = False
  set_chemical_element_simple_if_necessary = None
  set_seg_id_to_chain_id = False
  clear_seg_id = False
  convert_semet_to_met = False
  convert_met_to_semet = False
  rename_chain_id {
    old_id = None
    new_id = None
  }
  set_charge {
    charge_selection = None
    charge = None
  }
  neutralize_scatterers = False
  remove_fraction = None
  random_seed = None
  move_waters_last = False
}
job_title = None

-------------------------------------------------------------------------------
Performing manipulations
************************
Remove altlocs
-------------------------------------------------------------------------------
Writing output model
********************
Output model file name:  3sn6.pdb_modified.pdb
Output model file name:  3sn6.pdb_modified.cif
-------------------------------------------------------------------------------
All done.
*********
262171
3sn6.pdb_modified.pdb
5kmg.pdb **************************************************
Model saved to /home/wangwensong/PycharmProjects/Low-res_cryo-EM_comparable_high_res_X-ray/4i4t.pdb
-------------------------------------------------------------------------------
phenix.pdbtools tools for PDB model manipulations.
**************************************************
Could not import the compiled Python-sander interface. Make sure you have the Python development libraries installed and that you have sourced amber.sh or amber.csh-------------------------------------------------------------------------------
Complete set of parameters
**************************
model_file_name = "/home/wangwensong/PycharmProjects/Low-res_cryo-EM_comparable_high_res_X-ray/4i4t.pdb"
output {
  file_name = None
  format = *pdb *mmcif
}
modify {
  remove = None
  keep = None
  put_into_box_with_buffer = None
  selection = None
  adp {
    atom_selection = None
    randomize = False
    set_b_iso = None
    convert_to_isotropic = False
    convert_to_anisotropic = False
    shift_b_iso = None
    scale_adp = None
  }
  sites {
    atom_selection = None
    shake = None
    switch_rotamers = max_distant min_distant exact_match fix_outliers
    translate = 0 0 0
    rotate = 0 0 0
    euler_angle_convention = *xyz zyz
  }
  occupancies {
    atom_selection = None
    randomize = False
    set = None
  }
  rotate_about_axis {
    axis = None
    angle = None
    atom_selection = None
  }
  change_of_basis = None
  renumber_residues = False
  increment_resseq = None
  truncate_to_polyala = False
  truncate_to_polygly = False
  remove_alt_confs = True
  always_keep_one_conformer = False
  set_chemical_element_simple_if_necessary = None
  set_seg_id_to_chain_id = False
  clear_seg_id = False
  convert_semet_to_met = False
  convert_met_to_semet = False
  rename_chain_id {
    old_id = None
    new_id = None
  }
  set_charge {
    charge_selection = None
    charge = None
  }
  neutralize_scatterers = False
  remove_fraction = None
  random_seed = None
  move_waters_last = False
}
job_title = None

-------------------------------------------------------------------------------
Performing manipulations
************************
Remove altlocs
-------------------------------------------------------------------------------
Writing output model
********************
Output model file name:  4i4t.pdb_modified.pdb
Output model file name:  4i4t.pdb_modified.cif
-------------------------------------------------------------------------------
All done.
*********
225288
Model saved to /home/wangwensong/PycharmProjects/Low-res_cryo-EM_comparable_high_res_X-ray/5nqu.pdb
-------------------------------------------------------------------------------
phenix.pdbtools tools for PDB model manipulations.
**************************************************
Could not import the compiled Python-sander interface. Make sure you have the Python development libraries installed and that you have sourced amber.sh or amber.csh-------------------------------------------------------------------------------
Complete set of parameters
**************************
model_file_name = "/home/wangwensong/PycharmProjects/Low-res_cryo-EM_comparable_high_res_X-ray/5nqu.pdb"
output {
  file_name = None
  format = *pdb *mmcif
}
modify {
  remove = None
  keep = None
  put_into_box_with_buffer = None
  selection = None
  adp {
    atom_selection = None
    randomize = False
    set_b_iso = None
    convert_to_isotropic = False
    convert_to_anisotropic = False
    shift_b_iso = None
    scale_adp = None
  }
  sites {
    atom_selection = None
    shake = None
    switch_rotamers = max_distant min_distant exact_match fix_outliers
    translate = 0 0 0
    rotate = 0 0 0
    euler_angle_convention = *xyz zyz
  }
  occupancies {
    atom_selection = None
    randomize = False
    set = None
  }
  rotate_about_axis {
    axis = None
    angle = None
    atom_selection = None
  }
  change_of_basis = None
  renumber_residues = False
  increment_resseq = None
  truncate_to_polyala = False
  truncate_to_polygly = False
  remove_alt_confs = True
  always_keep_one_conformer = False
  set_chemical_element_simple_if_necessary = None
  set_seg_id_to_chain_id = False
  clear_seg_id = False
  convert_semet_to_met = False
  convert_met_to_semet = False
  rename_chain_id {
    old_id = None
    new_id = None
  }
  set_charge {
    charge_selection = None
    charge = None
  }
  neutralize_scatterers = False
  remove_fraction = None
  random_seed = None
  move_waters_last = False
}
job_title = None

-------------------------------------------------------------------------------
Performing manipulations
************************
Remove altlocs
-------------------------------------------------------------------------------
Writing output model
********************
Output model file name:  5nqu.pdb_modified.pdb
Output model file name:  5nqu.pdb_modified.cif
-------------------------------------------------------------------------------
All done.
*********
447238
Model saved to /home/wangwensong/PycharmProjects/Low-res_cryo-EM_comparable_high_res_X-ray/3nrx.pdb
-------------------------------------------------------------------------------
phenix.pdbtools tools for PDB model manipulations.
**************************************************
Could not import the compiled Python-sander interface. Make sure you have the Python development libraries installed and that you have sourced amber.sh or amber.csh-------------------------------------------------------------------------------
Complete set of parameters
**************************
model_file_name = "/home/wangwensong/PycharmProjects/Low-res_cryo-EM_comparable_high_res_X-ray/3nrx.pdb"
output {
  file_name = None
  format = *pdb *mmcif
}
modify {
  remove = None
  keep = None
  put_into_box_with_buffer = None
  selection = None
  adp {
    atom_selection = None
    randomize = False
    set_b_iso = None
    convert_to_isotropic = False
    convert_to_anisotropic = False
    shift_b_iso = None
    scale_adp = None
  }
  sites {
    atom_selection = None
    shake = None
    switch_rotamers = max_distant min_distant exact_match fix_outliers
    translate = 0 0 0
    rotate = 0 0 0
    euler_angle_convention = *xyz zyz
  }
  occupancies {
    atom_selection = None
    randomize = False
    set = None
  }
  rotate_about_axis {
    axis = None
    angle = None
    atom_selection = None
  }
  change_of_basis = None
  renumber_residues = False
  increment_resseq = None
  truncate_to_polyala = False
  truncate_to_polygly = False
  remove_alt_confs = True
  always_keep_one_conformer = False
  set_chemical_element_simple_if_necessary = None
  set_seg_id_to_chain_id = False
  clear_seg_id = False
  convert_semet_to_met = False
  convert_met_to_semet = False
  rename_chain_id {
    old_id = None
    new_id = None
  }
  set_charge {
    charge_selection = None
    charge = None
  }
  neutralize_scatterers = False
  remove_fraction = None
  random_seed = None
  move_waters_last = False
}
job_title = None

-------------------------------------------------------------------------------
Performing manipulations
************************
Remove altlocs
-------------------------------------------------------------------------------
Writing output model
********************
Output model file name:  3nrx.pdb_modified.pdb
Output model file name:  3nrx.pdb_modified.cif
-------------------------------------------------------------------------------
All done.
*********
520654
3nrx.pdb_modified.pdb
5owx.pdb **************************************************
Model saved to /home/wangwensong/PycharmProjects/Low-res_cryo-EM_comparable_high_res_X-ray/1zba.pdb
-------------------------------------------------------------------------------
phenix.pdbtools tools for PDB model manipulations.
**************************************************
Could not import the compiled Python-sander interface. Make sure you have the Python development libraries installed and that you have sourced amber.sh or amber.csh-------------------------------------------------------------------------------
Complete set of parameters
**************************
model_file_name = "/home/wangwensong/PycharmProjects/Low-res_cryo-EM_comparable_high_res_X-ray/1zba.pdb"
output {
  file_name = None
  format = *pdb *mmcif
}
modify {
  remove = None
  keep = None
  put_into_box_with_buffer = None
  selection = None
  adp {
    atom_selection = None
    randomize = False
    set_b_iso = None
    convert_to_isotropic = False
    convert_to_anisotropic = False
    shift_b_iso = None
    scale_adp = None
  }
  sites {
    atom_selection = None
    shake = None
    switch_rotamers = max_distant min_distant exact_match fix_outliers
    translate = 0 0 0
    rotate = 0 0 0
    euler_angle_convention = *xyz zyz
  }
  occupancies {
    atom_selection = None
    randomize = False
    set = None
  }
  rotate_about_axis {
    axis = None
    angle = None
    atom_selection = None
  }
  change_of_basis = None
  renumber_residues = False
  increment_resseq = None
  truncate_to_polyala = False
  truncate_to_polygly = False
  remove_alt_confs = True
  always_keep_one_conformer = False
  set_chemical_element_simple_if_necessary = None
  set_seg_id_to_chain_id = False
  clear_seg_id = False
  convert_semet_to_met = False
  convert_met_to_semet = False
  rename_chain_id {
    old_id = None
    new_id = None
  }
  set_charge {
    charge_selection = None
    charge = None
  }
  neutralize_scatterers = False
  remove_fraction = None
  random_seed = None
  move_waters_last = False
}
job_title = None

-------------------------------------------------------------------------------
Performing manipulations
************************
Remove altlocs
-------------------------------------------------------------------------------
Writing output model
********************
Output model file name:  1zba.pdb_modified.pdb
Output model file name:  1zba.pdb_modified.cif
-------------------------------------------------------------------------------
All done.
*********
79249
Model saved to /home/wangwensong/PycharmProjects/Low-res_cryo-EM_comparable_high_res_X-ray/1zba.pdb
-------------------------------------------------------------------------------
phenix.pdbtools tools for PDB model manipulations.
**************************************************
Could not import the compiled Python-sander interface. Make sure you have the Python development libraries installed and that you have sourced amber.sh or amber.csh-------------------------------------------------------------------------------
Complete set of parameters
**************************
model_file_name = "/home/wangwensong/PycharmProjects/Low-res_cryo-EM_comparable_high_res_X-ray/1zba.pdb"
output {
  file_name = None
  format = *pdb *mmcif
}
modify {
  remove = None
  keep = None
  put_into_box_with_buffer = None
  selection = None
  adp {
    atom_selection = None
    randomize = False
    set_b_iso = None
    convert_to_isotropic = False
    convert_to_anisotropic = False
    shift_b_iso = None
    scale_adp = None
  }
  sites {
    atom_selection = None
    shake = None
    switch_rotamers = max_distant min_distant exact_match fix_outliers
    translate = 0 0 0
    rotate = 0 0 0
    euler_angle_convention = *xyz zyz
  }
  occupancies {
    atom_selection = None
    randomize = False
    set = None
  }
  rotate_about_axis {
    axis = None
    angle = None
    atom_selection = None
  }
  change_of_basis = None
  renumber_residues = False
  increment_resseq = None
  truncate_to_polyala = False
  truncate_to_polygly = False
  remove_alt_confs = True
  always_keep_one_conformer = False
  set_chemical_element_simple_if_necessary = None
  set_seg_id_to_chain_id = False
  clear_seg_id = False
  convert_semet_to_met = False
  convert_met_to_semet = False
  rename_chain_id {
    old_id = None
    new_id = None
  }
  set_charge {
    charge_selection = None
    charge = None
  }
  neutralize_scatterers = False
  remove_fraction = None
  random_seed = None
  move_waters_last = False
}
job_title = None

-------------------------------------------------------------------------------
Performing manipulations
************************
Remove altlocs
-------------------------------------------------------------------------------
Writing output model
********************
Output model file name:  1zba.pdb_modified.pdb
Output model file name:  1zba.pdb_modified.cif
-------------------------------------------------------------------------------
All done.
*********
150761
1zba.pdb_modified.pdb
it cost 337.081838131econds
